2025-11-08 10:56:02,882 [INFO] [devprep_agent] Starting DevPrep Agent system checks...
2025-11-08 10:56:02,886 [INFO] [devprep_agent] [OK] python3 --version
2025-11-08 10:56:03,346 [INFO] [devprep_agent] [OK] poetry --version
2025-11-08 10:56:03,468 [INFO] [devprep_agent] [OK] sudo systemctl is-active enitorpay
2025-11-08 10:56:03,627 [INFO] [devprep_agent] [OK] pg_isready -h enitorpay-dev.cxy80s2q2608.us-west-2.rds.amazonaws.com -p 5432 -U enitor_admin -d enitorpay
2025-11-08 10:56:03,631 [INFO] [devprep_agent] [OK] ls -ld ~/enitorpay-backend/src/logs
2025-11-08 10:56:03,632 [INFO] [devprep_agent] DevPrep Agent completed system validation.
2025-11-08 10:56:03,635 [INFO] [docbuilder_agent] Generating README.md content...
2025-11-08 10:56:03,635 [INFO] [docbuilder_agent] Readme.md updated for EnitorPay.
2025-11-08 10:56:03,635 [INFO] [infrawatch_agent] Checking status of service: enitorpay
2025-11-08 10:56:03,729 [INFO] [infrawatch_agent] Service enitorpay is active.
2025-11-08 10:56:03,730 [INFO] [research_agent] Starting research on topic: AI-Ops orchestration
2025-11-08 10:56:04,731 [INFO] [research_agent] Research completed for topic: AI-Ops orchestration
2025-11-09 06:00:13,789 [INFO] [devprep_agent] Starting DevPrep Agent system checks...
2025-11-09 06:00:13,794 [INFO] [devprep_agent] [OK] python3 --version
2025-11-09 06:00:14,248 [INFO] [devprep_agent] [OK] poetry --version
2025-11-09 06:00:14,665 [INFO] [devprep_agent] [OK] sudo systemctl is-active enitorpay
2025-11-09 06:00:14,785 [INFO] [devprep_agent] [OK] pg_isready -h enitorpay-dev.cxy80s2q2608.us-west-2.rds.amazonaws.com -p 5432 -U enitor_admin -d enitorpay
2025-11-09 06:00:14,788 [INFO] [devprep_agent] [OK] ls -ld ~/enitorpay-backend/src/logs
2025-11-09 06:00:14,788 [INFO] [devprep_agent] DevPrep Agent completed system validation.
2025-11-09 06:00:14,792 [INFO] [docbuilder_agent] Generating README.md content...
2025-11-09 06:00:14,792 [INFO] [docbuilder_agent] Readme.md updated for EnitorPay.
2025-11-09 06:00:14,792 [INFO] [infrawatch_agent] Checking status of service: enitorpay
2025-11-09 06:00:14,919 [INFO] [infrawatch_agent] Service enitorpay is active.
2025-11-09 06:00:14,920 [INFO] [research_agent] Starting research on topic: AI-Ops orchestration
2025-11-09 06:00:15,920 [INFO] [research_agent] Research completed for topic: AI-Ops orchestration
